TN:
SF:generated\prisma\client.ts
FNF:0
FNH:0
DA:18,15
DA:19,15
DA:21,15
DA:22,15
DA:38,15
DA:40,15
LF:6
LH:6
BRF:0
BRH:0
end_of_record
TN:
SF:generated\prisma\enums.ts
FNF:0
FNH:0
DA:12,15
DA:21,15
DA:30,15
DA:39,15
LF:4
LH:4
BRF:0
BRH:0
end_of_record
TN:
SF:generated\prisma\internal\class.ts
FN:41,decodeBase64AsWasm
FN:42,(anonymous_10)
FN:48,(anonymous_11)
FN:48,(anonymous_12)
FN:50,(anonymous_13)
FN:51,(anonymous_14)
FN:382,getPrismaClientClass
FNF:7
FNH:1
FNDA:0,decodeBase64AsWasm
FNDA:0,(anonymous_10)
FNDA:0,(anonymous_11)
FNDA:0,(anonymous_12)
FNDA:0,(anonymous_13)
FNDA:0,(anonymous_14)
FNDA:15,getPrismaClientClass
DA:14,15
DA:18,15
DA:35,15
DA:36,15
DA:42,0
DA:43,0
DA:44,0
DA:47,15
DA:48,0
DA:51,0
DA:52,0
DA:382,15
DA:383,15
LF:13
LH:7
BRF:0
BRH:0
end_of_record
TN:
SF:generated\prisma\internal\prismaNamespace.ts
FNF:0
FNH:0
DA:18,15
DA:32,15
DA:35,15
DA:38,15
DA:41,15
DA:44,15
DA:50,15
DA:51,15
DA:52,15
DA:53,15
DA:54,15
DA:62,15
DA:71,15
DA:86,15
DA:104,15
DA:114,15
DA:121,15
DA:128,15
DA:386,15
DA:1860,15
DA:1870,15
DA:1885,15
DA:1895,15
DA:1913,15
DA:1923,15
DA:1936,15
DA:1948,15
DA:1960,15
DA:1969,15
DA:1982,15
DA:1993,15
DA:2004,15
DA:2015,15
DA:2029,15
DA:2039,15
DA:2048,15
DA:2059,15
DA:2069,15
DA:2081,15
DA:2094,15
DA:2102,15
DA:2110,15
DA:2249,15
LF:43
LH:43
BRF:0
BRH:0
end_of_record
TN:
SF:src\auth\auth.repository.ts
FN:6,(anonymous_2)
FN:8,(anonymous_3)
FN:12,(anonymous_4)
FN:16,(anonymous_5)
FN:31,(anonymous_6)
FNF:5
FNH:0
FNDA:0,(anonymous_2)
FNDA:0,(anonymous_3)
FNDA:0,(anonymous_4)
FNDA:0,(anonymous_5)
FNDA:0,(anonymous_6)
DA:1,1
DA:2,1
DA:5,1
DA:6,0
DA:9,0
DA:13,0
DA:17,0
DA:32,0
LF:8
LH:3
BRDA:6,0,0,1
BRDA:6,0,1,0
BRDA:6,1,0,1
BRDA:6,1,1,1
BRF:4
BRH:3
end_of_record
TN:
SF:src\auth\auth.service.ts
FN:16,(anonymous_11)
FN:18,(anonymous_12)
FN:29,(anonymous_13)
FN:45,(anonymous_14)
FN:64,(anonymous_15)
FN:90,(anonymous_16)
FN:115,(anonymous_17)
FN:140,(anonymous_18)
FNF:8
FNH:8
FNDA:14,(anonymous_11)
FNDA:6,(anonymous_12)
FNDA:3,(anonymous_13)
FNDA:2,(anonymous_14)
FNDA:4,(anonymous_15)
FNDA:2,(anonymous_16)
FNDA:3,(anonymous_17)
FNDA:1,(anonymous_18)
DA:1,1
DA:2,1
DA:3,1
DA:4,1
DA:5,1
DA:8,1
DA:9,1
DA:15,1
DA:16,14
DA:19,6
DA:20,6
DA:23,6
DA:24,6
DA:26,6
DA:30,3
DA:32,3
DA:34,2
DA:35,2
DA:37,1
DA:39,1
DA:46,2
DA:47,2
DA:49,1
DA:50,1
DA:56,1
DA:58,1
DA:65,4
DA:66,1
DA:69,3
DA:71,3
DA:73,1
DA:74,1
DA:75,1
DA:82,3
DA:84,3
DA:91,2
DA:92,2
DA:93,2
DA:97,1
DA:99,1
DA:100,0
DA:103,1
DA:109,1
DA:111,1
DA:116,3
DA:117,3
DA:118,3
DA:120,3
DA:121,1
DA:124,2
DA:125,2
DA:126,1
DA:129,1
DA:131,1
DA:136,2
DA:141,1
DA:142,1
LF:57
LH:56
BRDA:32,0,0,1
BRDA:32,0,1,2
BRDA:35,1,0,1
BRDA:35,1,1,1
BRDA:47,2,0,1
BRDA:47,2,1,1
BRDA:65,3,0,1
BRDA:65,3,1,3
BRDA:71,4,0,1
BRDA:71,4,1,2
BRDA:76,5,0,1
BRDA:76,5,1,0
BRDA:99,6,0,0
BRDA:99,6,1,1
BRDA:99,7,0,1
BRDA:99,7,1,1
BRDA:105,8,0,1
BRDA:105,8,1,0
BRDA:106,9,0,1
BRDA:106,9,1,0
BRDA:120,10,0,1
BRDA:120,10,1,2
BRDA:120,11,0,3
BRDA:120,11,1,2
BRDA:125,12,0,1
BRDA:125,12,1,1
BRDA:16,13,0,1
BRDA:16,13,1,0
BRDA:16,14,0,1
BRDA:16,14,1,1
BRF:30
BRH:25
end_of_record
TN:
SF:src\category\category.repository.ts
FN:6,(anonymous_2)
FN:8,(anonymous_3)
FN:15,(anonymous_4)
FN:22,(anonymous_5)
FN:26,(anonymous_6)
FN:30,(anonymous_7)
FN:34,(anonymous_8)
FNF:7
FNH:0
FNDA:0,(anonymous_2)
FNDA:0,(anonymous_3)
FNDA:0,(anonymous_4)
FNDA:0,(anonymous_5)
FNDA:0,(anonymous_6)
FNDA:0,(anonymous_7)
FNDA:0,(anonymous_8)
DA:1,1
DA:2,1
DA:5,1
DA:6,0
DA:9,0
DA:16,0
DA:23,0
DA:27,0
DA:31,0
DA:35,0
LF:10
LH:3
BRDA:6,0,0,1
BRDA:6,0,1,0
BRDA:6,1,0,1
BRDA:6,1,1,1
BRF:4
BRH:3
end_of_record
TN:
SF:src\category\category.service.ts
FN:4,slugify
FN:10,(anonymous_3)
FN:12,(anonymous_4)
FN:16,(anonymous_5)
FN:22,(anonymous_6)
FN:29,(anonymous_7)
FN:41,(anonymous_8)
FNF:7
FNH:7
FNDA:3,slugify
FNDA:9,(anonymous_3)
FNDA:1,(anonymous_4)
FNDA:2,(anonymous_5)
FNDA:2,(anonymous_6)
FNDA:2,(anonymous_7)
FNDA:2,(anonymous_8)
DA:1,1
DA:2,1
DA:5,3
DA:9,1
DA:10,9
DA:13,1
DA:17,2
DA:18,2
DA:19,1
DA:23,2
DA:24,2
DA:25,2
DA:26,1
DA:30,2
DA:31,2
DA:33,1
DA:34,1
DA:35,1
DA:36,1
DA:38,1
DA:42,2
DA:43,2
DA:44,1
LF:23
LH:23
BRDA:18,0,0,1
BRDA:18,0,1,1
BRDA:25,1,0,1
BRDA:25,1,1,1
BRDA:31,2,0,1
BRDA:31,2,1,1
BRDA:34,3,0,1
BRDA:34,3,1,0
BRDA:43,4,0,1
BRDA:43,4,1,1
BRDA:10,5,0,1
BRDA:10,5,1,0
BRDA:10,6,0,1
BRDA:10,6,1,1
BRF:14
BRH:12
end_of_record
TN:
SF:src\common\prisma\prisma.service.ts
FN:8,(anonymous_2)
FN:14,(anonymous_3)
FN:18,(anonymous_4)
FNF:3
FNH:0
FNDA:0,(anonymous_2)
FNDA:0,(anonymous_3)
FNDA:0,(anonymous_4)
DA:1,15
DA:2,15
DA:3,15
DA:4,15
DA:7,15
DA:9,0
DA:10,0
DA:11,0
DA:15,0
DA:19,0
LF:10
LH:5
BRF:0
BRH:0
end_of_record
TN:
SF:src\common\storage\r2.service.ts
FN:19,(anonymous_11)
FN:43,(anonymous_12)
FN:71,(anonymous_13)
FNF:3
FNH:0
FNDA:0,(anonymous_11)
FNDA:0,(anonymous_12)
FNDA:0,(anonymous_13)
DA:1,3
DA:2,3
DA:3,3
DA:9,3
DA:10,3
DA:13,3
DA:14,0
DA:19,0
DA:20,0
DA:21,0
DA:22,0
DA:24,0
DA:25,0
DA:27,0
DA:44,0
DA:46,0
DA:48,0
DA:56,0
DA:57,0
DA:58,0
DA:59,0
DA:60,0
DA:62,0
DA:63,0
DA:72,0
DA:74,0
DA:76,0
DA:83,0
DA:85,0
DA:86,0
LF:30
LH:6
BRDA:43,0,0,0
BRDA:19,1,0,3
BRDA:19,1,1,0
BRDA:19,2,0,3
BRDA:19,2,1,3
BRF:5
BRH:3
end_of_record
TN:
SF:src\config\env.ts
FNF:0
FNH:0
DA:1,1
DA:3,1
LF:2
LH:2
BRDA:4,0,0,1
BRDA:4,0,1,0
BRDA:5,1,0,1
BRDA:5,1,1,0
BRDA:6,2,0,1
BRDA:6,2,1,0
BRDA:7,3,0,1
BRDA:7,3,1,0
BRDA:8,4,0,1
BRDA:8,4,1,0
BRDA:9,5,0,1
BRDA:9,5,1,0
BRDA:10,6,0,1
BRDA:10,6,1,0
BRDA:11,7,0,1
BRDA:11,7,1,0
BRDA:12,8,0,1
BRDA:12,8,1,0
BRDA:13,9,0,1
BRDA:13,9,1,0
BRDA:14,10,0,1
BRDA:14,10,1,0
BRDA:15,11,0,1
BRDA:15,11,1,0
BRDA:16,12,0,1
BRDA:16,12,1,0
BRDA:17,13,0,1
BRDA:17,13,1,0
BRDA:19,14,0,1
BRDA:19,14,1,0
BRDA:20,15,0,1
BRDA:20,15,1,0
BRDA:21,16,0,1
BRDA:21,16,1,0
BRF:34
BRH:17
end_of_record
TN:
SF:src\course\course.repository.ts
FN:16,(anonymous_2)
FN:18,(anonymous_3)
FN:50,(anonymous_4)
FN:52,(anonymous_5)
FN:60,(anonymous_6)
FN:73,(anonymous_7)
FN:83,(anonymous_8)
FN:93,(anonymous_9)
FN:97,(anonymous_10)
FNF:9
FNH:0
FNDA:0,(anonymous_2)
FNDA:0,(anonymous_3)
FNDA:0,(anonymous_4)
FNDA:0,(anonymous_5)
FNDA:0,(anonymous_6)
FNDA:0,(anonymous_7)
FNDA:0,(anonymous_8)
FNDA:0,(anonymous_9)
FNDA:0,(anonymous_10)
DA:1,3
DA:2,3
DA:15,3
DA:16,0
DA:19,0
DA:20,0
DA:21,0
DA:22,0
DA:23,0
DA:24,0
DA:25,0
DA:26,0
DA:27,0
DA:29,0
DA:30,0
DA:36,0
DA:50,0
DA:51,0
DA:52,0
DA:53,0
DA:54,0
DA:57,0
DA:61,0
DA:74,0
DA:84,0
DA:94,0
DA:98,0
DA:106,0
LF:28
LH:3
BRDA:20,0,0,0
BRDA:20,0,1,0
BRDA:21,1,0,0
BRDA:21,1,1,0
BRDA:22,2,0,0
BRDA:22,2,1,0
BRDA:23,3,0,0
BRDA:23,3,1,0
BRDA:24,4,0,0
BRDA:24,4,1,0
BRDA:24,5,0,0
BRDA:24,5,1,0
BRDA:26,6,0,0
BRDA:26,6,1,0
BRDA:27,7,0,0
BRDA:27,7,1,0
BRDA:29,8,0,0
BRDA:29,8,1,0
BRDA:51,9,0,0
BRDA:51,9,1,0
BRDA:16,10,0,3
BRDA:16,10,1,0
BRDA:16,11,0,3
BRDA:16,11,1,3
BRF:24
BRH:3
end_of_record
TN:
SF:src\course\course.service.ts
FN:9,(anonymous_2)
FN:15,(anonymous_3)
FN:33,(anonymous_4)
FN:49,(anonymous_5)
FN:58,(anonymous_6)
FN:64,(anonymous_7)
FN:79,(anonymous_8)
FN:84,(anonymous_9)
FN:88,(anonymous_10)
FN:95,(anonymous_11)
FN:102,(anonymous_12)
FN:112,(anonymous_13)
FN:121,(anonymous_14)
FNF:13
FNH:11
FNDA:15,(anonymous_2)
FNDA:1,(anonymous_3)
FNDA:1,(anonymous_4)
FNDA:3,(anonymous_5)
FNDA:2,(anonymous_6)
FNDA:2,(anonymous_7)
FNDA:0,(anonymous_8)
FNDA:1,(anonymous_9)
FNDA:3,(anonymous_10)
FNDA:1,(anonymous_11)
FNDA:2,(anonymous_12)
FNDA:1,(anonymous_13)
FNDA:0,(anonymous_14)
DA:1,1
DA:2,1
DA:3,1
DA:4,1
DA:5,1
DA:8,1
DA:10,15
DA:11,15
DA:12,15
DA:16,1
DA:17,1
DA:18,1
DA:19,1
DA:20,1
DA:21,0
DA:22,1
DA:23,1
DA:25,1
DA:26,1
DA:28,1
DA:29,1
DA:34,1
DA:35,1
DA:36,1
DA:37,1
DA:38,1
DA:39,1
DA:40,1
DA:41,1
DA:42,1
DA:43,1
DA:45,1
DA:46,1
DA:50,3
DA:51,3
DA:53,2
DA:54,1
DA:57,1
DA:58,2
DA:59,1
DA:60,1
DA:65,2
DA:66,2
DA:69,2
DA:70,2
DA:73,2
DA:74,1
DA:78,1
DA:79,0
DA:80,1
DA:81,1
DA:85,1
DA:89,3
DA:90,3
DA:91,3
DA:92,2
DA:96,1
DA:97,1
DA:98,1
DA:99,1
DA:103,2
DA:104,2
DA:105,2
DA:107,1
DA:108,1
DA:109,1
DA:113,1
DA:114,1
DA:115,1
DA:116,0
DA:120,1
DA:121,1
DA:124,1
DA:125,1
LF:74
LH:71
BRDA:18,0,0,0
BRDA:18,0,1,1
BRDA:19,1,0,1
BRDA:19,1,1,0
BRDA:20,2,0,1
BRDA:20,2,1,0
BRDA:21,3,0,0
BRDA:21,3,1,0
BRDA:22,4,0,0
BRDA:22,4,1,1
BRDA:23,5,0,0
BRDA:23,5,1,1
BRDA:26,6,0,0
BRDA:26,6,1,1
BRDA:36,7,0,1
BRDA:36,7,1,0
BRDA:37,8,0,0
BRDA:37,8,1,1
BRDA:38,9,0,0
BRDA:38,9,1,1
BRDA:39,10,0,1
BRDA:39,10,1,0
BRDA:40,11,0,0
BRDA:40,11,1,1
BRDA:41,12,0,0
BRDA:41,12,1,1
BRDA:42,13,0,1
BRDA:42,13,1,0
BRDA:43,14,0,1
BRDA:43,14,1,0
BRDA:51,15,0,1
BRDA:51,15,1,2
BRDA:53,16,0,1
BRDA:53,16,1,1
BRDA:53,17,0,2
BRDA:53,17,1,2
BRDA:57,18,0,1
BRDA:57,18,1,0
BRDA:66,19,0,0
BRDA:66,19,1,2
BRDA:69,20,0,2
BRDA:69,20,1,0
BRDA:73,21,0,1
BRDA:73,21,1,1
BRDA:78,22,0,0
BRDA:78,22,1,1
BRDA:90,23,0,0
BRDA:90,23,1,3
BRDA:91,24,0,1
BRDA:91,24,1,2
BRDA:91,25,0,3
BRDA:91,25,1,2
BRDA:97,26,0,0
BRDA:97,26,1,1
BRDA:98,27,0,0
BRDA:98,27,1,1
BRDA:98,28,0,1
BRDA:98,28,1,1
BRDA:104,29,0,0
BRDA:104,29,1,2
BRDA:105,30,0,1
BRDA:105,30,1,1
BRDA:105,31,0,2
BRDA:105,31,1,2
BRDA:114,32,0,0
BRDA:114,32,1,1
BRDA:115,33,0,0
BRDA:115,33,1,1
BRDA:115,34,0,1
BRDA:115,34,1,1
BRDA:120,35,0,1
BRDA:120,35,1,0
BRDA:10,36,0,1
BRDA:10,36,1,0
BRDA:10,37,0,1
BRDA:10,37,1,1
BRDA:10,38,0,1
BRDA:10,38,1,0
BRDA:10,39,0,1
BRDA:10,39,1,1
BRDA:11,40,0,1
BRDA:11,40,1,0
BRDA:11,41,0,1
BRDA:11,41,1,1
BRF:84
BRH:54
end_of_record
TN:
SF:src\discussion\discussion.repository.ts
FN:6,(anonymous_2)
FN:8,(anonymous_3)
FN:22,(anonymous_4)
FN:32,(anonymous_5)
FN:39,(anonymous_6)
FNF:5
FNH:0
FNDA:0,(anonymous_2)
FNDA:0,(anonymous_3)
FNDA:0,(anonymous_4)
FNDA:0,(anonymous_5)
FNDA:0,(anonymous_6)
DA:1,1
DA:2,1
DA:5,1
DA:6,0
DA:9,0
DA:23,0
DA:33,0
DA:40,0
LF:8
LH:3
BRDA:6,0,0,1
BRDA:6,0,1,0
BRDA:6,1,0,1
BRDA:6,1,1,1
BRF:4
BRH:3
end_of_record
TN:
SF:src\discussion\discussion.service.ts
FN:6,(anonymous_2)
FN:8,(anonymous_3)
FN:12,(anonymous_4)
FN:16,(anonymous_5)
FNF:4
FNH:4
FNDA:4,(anonymous_2)
FNDA:1,(anonymous_3)
FNDA:1,(anonymous_4)
FNDA:2,(anonymous_5)
DA:1,1
DA:2,1
DA:5,1
DA:6,4
DA:9,1
DA:13,1
DA:17,2
DA:18,2
DA:19,1
LF:9
LH:9
BRDA:18,0,0,1
BRDA:18,0,1,1
BRDA:6,1,0,1
BRDA:6,1,1,0
BRDA:6,2,0,1
BRDA:6,2,1,1
BRF:6
BRH:5
end_of_record
TN:
SF:src\enrollment\enrollment.repository.ts
FN:6,(anonymous_2)
FN:8,(anonymous_3)
FN:14,(anonymous_4)
FN:30,(anonymous_5)
FN:44,(anonymous_6)
FNF:5
FNH:0
FNDA:0,(anonymous_2)
FNDA:0,(anonymous_3)
FNDA:0,(anonymous_4)
FNDA:0,(anonymous_5)
FNDA:0,(anonymous_6)
DA:1,2
DA:2,2
DA:5,2
DA:6,0
DA:9,0
DA:15,0
DA:31,0
DA:45,0
LF:8
LH:3
BRDA:6,0,0,2
BRDA:6,0,1,0
BRDA:6,1,0,2
BRDA:6,1,1,2
BRF:4
BRH:3
end_of_record
TN:
SF:src\enrollment\enrollment.service.ts
FN:8,(anonymous_2)
FN:14,(anonymous_3)
FN:16,(anonymous_4)
FN:29,(anonymous_5)
FNF:4
FNH:4
FNDA:6,(anonymous_2)
FNDA:2,(anonymous_3)
FNDA:2,(anonymous_4)
FNDA:4,(anonymous_5)
DA:1,1
DA:2,1
DA:3,1
DA:4,1
DA:7,1
DA:9,6
DA:10,6
DA:11,6
DA:15,2
DA:16,2
DA:17,2
DA:20,2
DA:23,2
DA:24,2
DA:25,2
DA:30,4
DA:31,4
DA:33,3
DA:34,1
DA:39,2
DA:40,2
DA:41,1
LF:22
LH:22
BRDA:23,0,0,1
BRDA:23,0,1,1
BRDA:24,1,0,2
BRDA:24,1,1,1
BRDA:31,2,0,1
BRDA:31,2,1,3
BRDA:33,3,0,1
BRDA:33,3,1,2
BRDA:40,4,0,1
BRDA:40,4,1,1
BRDA:9,5,0,1
BRDA:9,5,1,0
BRDA:9,6,0,1
BRDA:9,6,1,1
BRDA:9,7,0,1
BRDA:9,7,1,0
BRDA:9,8,0,1
BRDA:9,8,1,1
BRDA:10,9,0,1
BRDA:10,9,1,0
BRDA:10,10,0,1
BRDA:10,10,1,1
BRF:22
BRH:19
end_of_record
TN:
SF:src\gamification\gamification.repository.ts
FN:6,(anonymous_2)
FN:8,(anonymous_3)
FN:16,(anonymous_4)
FN:31,(anonymous_5)
FN:49,(anonymous_6)
FN:57,(anonymous_7)
FN:58,(anonymous_8)
FN:85,(anonymous_9)
FN:91,(anonymous_10)
FN:98,(anonymous_11)
FN:108,(anonymous_12)
FNF:11
FNH:0
FNDA:0,(anonymous_2)
FNDA:0,(anonymous_3)
FNDA:0,(anonymous_4)
FNDA:0,(anonymous_5)
FNDA:0,(anonymous_6)
FNDA:0,(anonymous_7)
FNDA:0,(anonymous_8)
FNDA:0,(anonymous_9)
FNDA:0,(anonymous_10)
FNDA:0,(anonymous_11)
FNDA:0,(anonymous_12)
DA:1,3
DA:2,3
DA:5,3
DA:6,0
DA:9,0
DA:10,0
DA:11,0
DA:13,0
DA:17,0
DA:20,0
DA:25,0
DA:32,0
DA:33,0
DA:34,0
DA:38,0
DA:43,0
DA:50,0
DA:58,0
DA:62,0
DA:67,0
DA:68,0
DA:72,0
DA:77,0
DA:81,0
DA:86,0
DA:92,0
DA:99,0
DA:100,0
DA:101,0
DA:105,0
DA:109,0
LF:31
LH:3
BRDA:10,0,0,0
BRDA:10,0,1,0
BRDA:33,1,0,0
BRDA:33,1,1,0
BRDA:67,2,0,0
BRDA:67,2,1,0
BRDA:100,3,0,0
BRDA:100,3,1,0
BRDA:6,4,0,3
BRDA:6,4,1,0
BRDA:6,5,0,3
BRDA:6,5,1,3
BRF:12
BRH:3
end_of_record
TN:
SF:src\gamification\gamification.service.ts
FN:6,(anonymous_2)
FN:8,(anonymous_3)
FN:23,(anonymous_4)
FN:27,(anonymous_5)
FN:76,(anonymous_6)
FNF:5
FNH:4
FNDA:7,(anonymous_2)
FNDA:1,(anonymous_3)
FNDA:0,(anonymous_4)
FNDA:3,(anonymous_5)
FNDA:3,(anonymous_6)
DA:1,3
DA:2,3
DA:5,3
DA:6,7
DA:9,1
DA:10,1
DA:11,1
DA:12,1
DA:14,1
DA:24,0
DA:28,3
DA:29,3
DA:31,3
DA:32,1
DA:36,2
DA:37,2
DA:46,2
DA:47,0
DA:48,2
DA:49,1
DA:50,1
DA:51,1
DA:52,0
DA:53,0
DA:55,0
DA:60,2
DA:61,2
DA:68,1
DA:70,1
DA:77,3
DA:79,3
DA:81,3
DA:82,3
DA:84,3
DA:85,3
DA:87,3
DA:89,1
DA:92,2
DA:93,2
DA:95,1
DA:98,1
DA:101,2
DA:102,2
DA:104,2
LF:44
LH:39
BRDA:31,0,0,1
BRDA:31,0,1,2
BRDA:46,1,0,0
BRDA:46,1,1,2
BRDA:48,2,0,1
BRDA:48,2,1,1
BRDA:50,3,0,1
BRDA:50,3,1,0
BRDA:52,4,0,0
BRDA:52,4,1,0
BRDA:87,5,0,1
BRDA:87,5,1,2
BRDA:93,6,0,1
BRDA:93,6,1,1
BRDA:6,7,0,3
BRDA:6,7,1,0
BRDA:6,8,0,3
BRDA:6,8,1,3
BRF:18
BRH:13
end_of_record
TN:
SF:src\lesson\lesson.repository.ts
FN:6,(anonymous_2)
FN:8,(anonymous_3)
FN:15,(anonymous_4)
FN:26,(anonymous_5)
FN:30,(anonymous_6)
FNF:5
FNH:0
FNDA:0,(anonymous_2)
FNDA:0,(anonymous_3)
FNDA:0,(anonymous_4)
FNDA:0,(anonymous_5)
FNDA:0,(anonymous_6)
DA:1,1
DA:2,1
DA:5,1
DA:6,0
DA:9,0
DA:16,0
DA:17,0
DA:21,0
DA:23,0
DA:27,0
DA:31,0
LF:11
LH:3
BRDA:16,0,0,0
BRDA:16,0,1,0
BRDA:21,1,0,0
BRDA:21,1,1,0
BRDA:6,2,0,1
BRDA:6,2,1,0
BRDA:6,3,0,1
BRDA:6,3,1,1
BRF:8
BRH:3
end_of_record
TN:
SF:src\lesson\lesson.service.ts
FN:7,(anonymous_2)
FN:12,(anonymous_3)
FN:19,(anonymous_4)
FN:26,(anonymous_5)
FNF:4
FNH:4
FNDA:6,(anonymous_2)
FNDA:4,(anonymous_3)
FNDA:1,(anonymous_4)
FNDA:1,(anonymous_5)
DA:1,1
DA:2,1
DA:3,1
DA:6,1
DA:8,6
DA:9,6
DA:13,4
DA:14,4
DA:15,3
DA:16,2
DA:20,1
DA:21,1
DA:22,1
DA:23,1
DA:27,1
DA:28,1
DA:29,1
DA:30,1
LF:18
LH:18
BRDA:14,0,0,1
BRDA:14,0,1,3
BRDA:15,1,0,1
BRDA:15,1,1,2
BRDA:15,2,0,3
BRDA:15,2,1,2
BRDA:21,3,0,0
BRDA:21,3,1,1
BRDA:22,4,0,0
BRDA:22,4,1,1
BRDA:22,5,0,1
BRDA:22,5,1,1
BRDA:28,6,0,0
BRDA:28,6,1,1
BRDA:29,7,0,0
BRDA:29,7,1,1
BRDA:29,8,0,1
BRDA:29,8,1,1
BRDA:8,9,0,1
BRDA:8,9,1,0
BRDA:8,10,0,1
BRDA:8,10,1,1
BRDA:8,11,0,1
BRDA:8,11,1,0
BRDA:8,12,0,1
BRDA:8,12,1,1
BRF:26
BRH:20
end_of_record
TN:
SF:src\lesson-completion\lesson-completion.repository.ts
FN:6,(anonymous_2)
FN:8,(anonymous_3)
FN:14,(anonymous_4)
FN:30,(anonymous_5)
FNF:4
FNH:0
FNDA:0,(anonymous_2)
FNDA:0,(anonymous_3)
FNDA:0,(anonymous_4)
FNDA:0,(anonymous_5)
DA:1,1
DA:2,1
DA:5,1
DA:6,0
DA:9,0
DA:15,0
DA:16,0
DA:17,0
DA:25,0
DA:31,0
DA:32,0
DA:33,0
DA:35,0
DA:36,0
DA:38,0
DA:44,0
LF:16
LH:3
BRDA:16,0,0,0
BRDA:16,0,1,0
BRDA:21,1,0,0
BRDA:21,1,1,0
BRDA:6,2,0,1
BRDA:6,2,1,0
BRDA:6,3,0,1
BRDA:6,3,1,1
BRF:8
BRH:3
end_of_record
TN:
SF:src\lesson-completion\lesson-completion.service.ts
FN:8,(anonymous_2)
FN:14,(anonymous_3)
FN:33,(anonymous_4)
FN:47,(anonymous_5)
FN:47,(anonymous_6)
FN:67,(anonymous_7)
FNF:6
FNH:6
FNDA:4,(anonymous_2)
FNDA:3,(anonymous_3)
FNDA:3,(anonymous_4)
FNDA:1,(anonymous_5)
FNDA:1,(anonymous_6)
FNDA:1,(anonymous_7)
DA:1,1
DA:2,1
DA:3,1
DA:4,1
DA:7,1
DA:9,4
DA:10,4
DA:11,4
DA:15,3
DA:16,3
DA:19,3
DA:21,3
DA:24,3
DA:27,3
DA:32,3
DA:33,3
DA:34,2
DA:38,2
DA:39,2
DA:42,2
DA:47,2
DA:48,2
DA:52,2
DA:53,1
DA:55,1
DA:64,3
DA:68,1
LF:27
LH:27
BRDA:19,0,0,3
BRDA:19,0,1,0
BRDA:19,1,0,3
BRDA:19,1,1,3
BRDA:32,2,0,2
BRDA:32,2,1,1
BRDA:38,3,0,2
BRDA:38,3,1,0
BRDA:52,4,0,1
BRDA:52,4,1,1
BRDA:9,5,0,1
BRDA:9,5,1,0
BRDA:9,6,0,1
BRDA:9,6,1,1
BRDA:9,7,0,1
BRDA:9,7,1,0
BRDA:9,8,0,1
BRDA:9,8,1,1
BRDA:10,9,0,1
BRDA:10,9,1,0
BRDA:10,10,0,1
BRDA:10,10,1,1
BRF:22
BRH:17
end_of_record
TN:
SF:src\order\order.repository.ts
FN:7,(anonymous_2)
FN:9,(anonymous_3)
FN:29,(anonymous_4)
FN:48,(anonymous_5)
FN:63,(anonymous_6)
FN:90,(anonymous_7)
FN:114,(anonymous_8)
FNF:7
FNH:0
FNDA:0,(anonymous_2)
FNDA:0,(anonymous_3)
FNDA:0,(anonymous_4)
FNDA:0,(anonymous_5)
FNDA:0,(anonymous_6)
FNDA:0,(anonymous_7)
FNDA:0,(anonymous_8)
DA:1,1
DA:2,1
DA:3,1
DA:6,1
DA:7,0
DA:10,0
DA:30,0
DA:49,0
DA:81,0
DA:90,0
DA:115,0
LF:11
LH:4
BRDA:88,0,0,0
BRDA:88,0,1,0
BRDA:7,1,0,1
BRDA:7,1,1,0
BRDA:7,2,0,1
BRDA:7,2,1,1
BRF:6
BRH:3
end_of_record
TN:
SF:src\order\order.service.ts
FN:13,(anonymous_11)
FN:20,(anonymous_12)
FN:24,(anonymous_13)
FN:28,(anonymous_14)
FN:55,(anonymous_15)
FN:62,(anonymous_16)
FN:117,(anonymous_17)
FN:168,(anonymous_18)
FN:221,(anonymous_19)
FN:237,(anonymous_20)
FN:251,(anonymous_21)
FN:278,(anonymous_22)
FNF:12
FNH:12
FNDA:15,(anonymous_11)
FNDA:1,(anonymous_12)
FNDA:1,(anonymous_13)
FNDA:5,(anonymous_14)
FNDA:3,(anonymous_15)
FNDA:3,(anonymous_16)
FNDA:2,(anonymous_17)
FNDA:2,(anonymous_18)
FNDA:2,(anonymous_19)
FNDA:1,(anonymous_20)
FNDA:2,(anonymous_21)
FNDA:2,(anonymous_22)
DA:1,1
DA:2,1
DA:3,1
DA:4,1
DA:5,1
DA:6,1
DA:7,1
DA:8,1
DA:9,1
DA:12,1
DA:14,15
DA:15,15
DA:16,15
DA:17,15
DA:21,1
DA:25,1
DA:29,5
DA:33,5
DA:35,4
DA:36,4
DA:37,4
DA:40,3
DA:41,3
DA:42,1
DA:45,1
DA:46,1
DA:49,1
DA:55,3
DA:56,3
DA:57,3
DA:60,3
DA:62,3
DA:63,3
DA:66,3
DA:67,3
DA:68,2
DA:71,3
DA:72,3
DA:73,3
DA:75,3
DA:88,3
DA:97,3
DA:104,3
DA:105,1
DA:106,1
DA:108,1
DA:111,2
DA:112,2
DA:114,2
DA:117,2
DA:124,2
DA:125,1
DA:133,2
DA:140,2
DA:153,2
DA:154,2
DA:156,2
DA:163,0
DA:164,0
DA:169,2
DA:171,2
DA:172,2
DA:173,2
DA:175,2
DA:176,1
DA:179,1
DA:180,1
DA:181,1
DA:183,1
DA:184,1
DA:186,1
DA:187,0
DA:190,1
DA:192,1
DA:193,1
DA:194,0
DA:196,1
DA:198,0
DA:199,0
DA:200,0
DA:201,0
DA:204,1
DA:205,1
DA:206,1
DA:207,1
DA:208,1
DA:209,1
DA:210,1
DA:214,1
DA:218,1
DA:222,2
DA:226,2
DA:228,1
DA:229,1
DA:230,1
DA:233,1
DA:234,1
DA:237,1
DA:238,1
DA:239,1
DA:241,1
DA:243,1
DA:252,2
DA:253,0
DA:256,2
DA:257,2
DA:258,2
DA:260,1
DA:261,0
DA:264,1
DA:266,1
DA:267,1
DA:268,1
DA:269,1
DA:273,1
DA:275,1
DA:279,2
DA:280,2
DA:281,2
DA:283,1
LF:120
LH:110
BRDA:33,0,0,1
BRDA:33,0,1,4
BRDA:37,1,0,1
BRDA:37,1,1,3
BRDA:41,2,0,1
BRDA:41,2,1,2
BRDA:45,3,0,0
BRDA:45,3,1,1
BRDA:55,4,0,1
BRDA:55,4,1,2
BRDA:63,5,0,1
BRDA:63,5,1,2
BRDA:67,6,0,2
BRDA:67,6,1,1
BRDA:91,7,0,3
BRDA:91,7,1,2
BRDA:104,8,0,1
BRDA:104,8,1,2
BRDA:104,9,0,3
BRDA:104,9,1,2
BRDA:112,10,0,0
BRDA:112,10,1,2
BRDA:124,11,0,1
BRDA:124,11,1,1
BRDA:175,12,0,1
BRDA:175,12,1,1
BRDA:181,13,0,0
BRDA:181,13,1,1
BRDA:184,14,0,0
BRDA:184,14,1,1
BRDA:186,15,0,0
BRDA:186,15,1,1
BRDA:192,16,0,1
BRDA:192,16,1,0
BRDA:192,17,0,1
BRDA:192,17,1,1
BRDA:193,18,0,0
BRDA:193,18,1,1
BRDA:198,19,0,0
BRDA:198,19,1,0
BRDA:198,20,0,0
BRDA:198,20,1,0
BRDA:198,20,2,0
BRDA:200,21,0,0
BRDA:200,21,1,0
BRDA:204,22,0,1
BRDA:204,22,1,0
BRDA:206,23,0,1
BRDA:206,23,1,0
BRDA:209,24,0,1
BRDA:209,24,1,0
BRDA:226,25,0,1
BRDA:226,25,1,1
BRDA:229,26,0,1
BRDA:229,26,1,0
BRDA:233,27,0,0
BRDA:233,27,1,1
BRDA:237,28,0,0
BRDA:237,28,1,1
BRDA:252,29,0,0
BRDA:252,29,1,2
BRDA:257,30,0,0
BRDA:257,30,1,2
BRDA:258,31,0,1
BRDA:258,31,1,1
BRDA:260,32,0,0
BRDA:260,32,1,1
BRDA:268,33,0,1
BRDA:268,33,1,0
BRDA:280,34,0,0
BRDA:280,34,1,2
BRDA:281,35,0,1
BRDA:281,35,1,1
BRDA:14,36,0,1
BRDA:14,36,1,0
BRDA:14,37,0,1
BRDA:14,37,1,1
BRDA:14,38,0,1
BRDA:14,38,1,0
BRDA:14,39,0,1
BRDA:14,39,1,1
BRDA:15,40,0,1
BRDA:15,40,1,0
BRDA:15,41,0,1
BRDA:15,41,1,1
BRDA:16,42,0,1
BRDA:16,42,1,0
BRDA:16,43,0,1
BRDA:16,43,1,1
BRF:89
BRH:60
end_of_record
TN:
SF:src\rating\rating.repository.ts
FN:6,(anonymous_2)
FN:8,(anonymous_3)
FN:12,(anonymous_4)
FN:16,(anonymous_5)
FN:24,(anonymous_6)
FN:31,(anonymous_7)
FN:38,(anonymous_8)
FNF:7
FNH:0
FNDA:0,(anonymous_2)
FNDA:0,(anonymous_3)
FNDA:0,(anonymous_4)
FNDA:0,(anonymous_5)
FNDA:0,(anonymous_6)
FNDA:0,(anonymous_7)
FNDA:0,(anonymous_8)
DA:1,1
DA:2,1
DA:5,1
DA:6,0
DA:9,0
DA:13,0
DA:17,0
DA:25,0
DA:32,0
DA:39,0
LF:10
LH:3
BRDA:6,0,0,1
BRDA:6,0,1,0
BRDA:6,1,0,1
BRDA:6,1,1,1
BRF:4
BRH:3
end_of_record
TN:
SF:src\rating\rating.service.ts
FN:6,(anonymous_2)
FN:8,(anonymous_3)
FN:12,(anonymous_4)
FN:18,(anonymous_5)
FN:25,(anonymous_6)
FNF:5
FNH:5
FNDA:6,(anonymous_2)
FNDA:1,(anonymous_3)
FNDA:2,(anonymous_4)
FNDA:2,(anonymous_5)
FNDA:1,(anonymous_6)
DA:1,1
DA:2,1
DA:5,1
DA:6,6
DA:9,1
DA:13,2
DA:14,2
DA:15,1
DA:19,2
DA:20,2
DA:21,2
DA:22,1
DA:26,1
DA:27,1
DA:28,1
DA:29,1
LF:16
LH:16
BRDA:14,0,0,1
BRDA:14,0,1,1
BRDA:20,1,0,0
BRDA:20,1,1,2
BRDA:21,2,0,1
BRDA:21,2,1,1
BRDA:27,3,0,0
BRDA:27,3,1,1
BRDA:28,4,0,0
BRDA:28,4,1,1
BRDA:6,5,0,1
BRDA:6,5,1,0
BRDA:6,6,0,1
BRDA:6,6,1,1
BRF:14
BRH:10
end_of_record
TN:
SF:src\section\section.repository.ts
FN:6,(anonymous_2)
FN:8,(anonymous_3)
FN:16,(anonymous_4)
FN:23,(anonymous_5)
FN:34,(anonymous_6)
FN:38,(anonymous_7)
FNF:6
FNH:0
FNDA:0,(anonymous_2)
FNDA:0,(anonymous_3)
FNDA:0,(anonymous_4)
FNDA:0,(anonymous_5)
FNDA:0,(anonymous_6)
FNDA:0,(anonymous_7)
DA:1,2
DA:2,2
DA:5,2
DA:6,0
DA:9,0
DA:17,0
DA:24,0
DA:25,0
DA:29,0
DA:31,0
DA:35,0
DA:39,0
LF:12
LH:3
BRDA:24,0,0,0
BRDA:24,0,1,0
BRDA:29,1,0,0
BRDA:29,1,1,0
BRDA:6,2,0,2
BRDA:6,2,1,0
BRDA:6,3,0,2
BRDA:6,3,1,2
BRF:8
BRH:3
end_of_record
TN:
SF:src\section\section.service.ts
FN:7,(anonymous_2)
FN:12,(anonymous_3)
FN:16,(anonymous_4)
FN:23,(anonymous_5)
FN:30,(anonymous_6)
FNF:5
FNH:5
FNDA:5,(anonymous_2)
FNDA:1,(anonymous_3)
FNDA:2,(anonymous_4)
FNDA:1,(anonymous_5)
FNDA:1,(anonymous_6)
DA:1,1
DA:2,1
DA:3,1
DA:6,1
DA:8,5
DA:9,5
DA:13,1
DA:17,2
DA:18,2
DA:19,2
DA:20,1
DA:24,1
DA:25,1
DA:26,1
DA:27,1
DA:31,1
DA:32,1
DA:33,1
DA:34,1
LF:19
LH:19
BRDA:18,0,0,0
BRDA:18,0,1,2
BRDA:19,1,0,1
BRDA:19,1,1,1
BRDA:19,2,0,2
BRDA:19,2,1,2
BRDA:25,3,0,0
BRDA:25,3,1,1
BRDA:26,4,0,0
BRDA:26,4,1,1
BRDA:26,5,0,1
BRDA:26,5,1,1
BRDA:32,6,0,0
BRDA:32,6,1,1
BRDA:33,7,0,0
BRDA:33,7,1,1
BRDA:33,8,0,1
BRDA:33,8,1,1
BRDA:8,9,0,1
BRDA:8,9,1,0
BRDA:8,10,0,1
BRDA:8,10,1,1
BRDA:8,11,0,1
BRDA:8,11,1,0
BRDA:8,12,0,1
BRDA:8,12,1,1
BRF:26
BRH:19
end_of_record
TN:
SF:src\trainer\trainer.repository.ts
FN:6,(anonymous_2)
FN:8,(anonymous_3)
FN:36,(anonymous_4)
FN:49,(anonymous_5)
FN:50,(anonymous_6)
FN:60,(anonymous_7)
FN:61,(anonymous_8)
FN:62,(anonymous_9)
FNF:8
FNH:0
FNDA:0,(anonymous_2)
FNDA:0,(anonymous_3)
FNDA:0,(anonymous_4)
FNDA:0,(anonymous_5)
FNDA:0,(anonymous_6)
FNDA:0,(anonymous_7)
FNDA:0,(anonymous_8)
FNDA:0,(anonymous_9)
DA:1,1
DA:2,1
DA:5,1
DA:6,0
DA:9,0
DA:23,0
DA:28,0
DA:37,0
DA:49,0
DA:50,0
DA:51,0
DA:59,0
DA:60,0
DA:61,0
DA:62,0
LF:15
LH:3
BRDA:31,0,0,0
BRDA:31,0,1,0
BRDA:50,1,0,0
BRDA:50,1,1,0
BRDA:6,2,0,1
BRDA:6,2,1,0
BRDA:6,3,0,1
BRDA:6,3,1,1
BRF:8
BRH:3
end_of_record
TN:
SF:src\trainer\trainer.service.ts
FN:6,(anonymous_2)
FN:8,(anonymous_3)
FN:12,(anonymous_4)
FNF:3
FNH:3
FNDA:2,(anonymous_2)
FNDA:1,(anonymous_3)
FNDA:1,(anonymous_4)
DA:1,1
DA:2,1
DA:5,1
DA:6,2
DA:9,1
DA:13,1
LF:6
LH:6
BRDA:6,0,0,1
BRDA:6,0,1,0
BRDA:6,1,0,1
BRDA:6,1,1,1
BRF:4
BRH:3
end_of_record
TN:
SF:src\trainer-request\trainer-request.repository.ts
FN:6,(anonymous_2)
FN:8,(anonymous_3)
FN:12,(anonymous_4)
FN:19,(anonymous_5)
FN:28,(anonymous_6)
FN:35,(anonymous_7)
FNF:6
FNH:0
FNDA:0,(anonymous_2)
FNDA:0,(anonymous_3)
FNDA:0,(anonymous_4)
FNDA:0,(anonymous_5)
FNDA:0,(anonymous_6)
FNDA:0,(anonymous_7)
DA:1,1
DA:2,1
DA:5,1
DA:6,0
DA:9,0
DA:13,0
DA:20,0
DA:21,0
DA:29,0
DA:36,0
LF:10
LH:3
BRDA:20,0,0,0
BRDA:20,0,1,0
BRDA:6,1,0,1
BRDA:6,1,1,0
BRDA:6,2,0,1
BRDA:6,2,1,1
BRF:6
BRH:3
end_of_record
TN:
SF:src\trainer-request\trainer-request.service.ts
FN:8,(anonymous_2)
FN:14,(anonymous_3)
FN:28,(anonymous_4)
FN:32,(anonymous_5)
FNF:4
FNH:4
FNDA:7,(anonymous_2)
FNDA:2,(anonymous_3)
FNDA:1,(anonymous_4)
FNDA:4,(anonymous_5)
DA:1,1
DA:2,1
DA:3,1
DA:4,1
DA:7,1
DA:9,7
DA:10,7
DA:11,7
DA:19,2
DA:20,2
DA:23,1
DA:25,1
DA:29,1
DA:33,4
DA:34,4
DA:35,3
DA:37,2
DA:38,2
DA:39,1
DA:41,2
LF:20
LH:20
BRDA:20,0,0,1
BRDA:20,0,1,1
BRDA:34,1,0,1
BRDA:34,1,1,3
BRDA:35,2,0,1
BRDA:35,2,1,2
BRDA:38,3,0,1
BRDA:38,3,1,1
BRDA:9,4,0,1
BRDA:9,4,1,0
BRDA:9,5,0,1
BRDA:9,5,1,1
BRDA:9,6,0,1
BRDA:9,6,1,0
BRDA:9,7,0,1
BRDA:9,7,1,1
BRDA:10,8,0,1
BRDA:10,8,1,0
BRDA:10,9,0,1
BRDA:10,9,1,1
BRF:20
BRH:17
end_of_record
TN:
SF:src\user\user.repository.ts
FN:16,(anonymous_2)
FN:18,(anonymous_3)
FN:26,(anonymous_4)
FN:30,(anonymous_5)
FN:34,(anonymous_6)
FN:38,(anonymous_7)
FNF:6
FNH:0
FNDA:0,(anonymous_2)
FNDA:0,(anonymous_3)
FNDA:0,(anonymous_4)
FNDA:0,(anonymous_5)
FNDA:0,(anonymous_6)
FNDA:0,(anonymous_7)
DA:1,2
DA:2,2
DA:4,2
DA:15,2
DA:16,0
DA:19,0
DA:23,0
DA:27,0
DA:31,0
DA:35,0
DA:39,0
LF:11
LH:4
BRDA:16,0,0,2
BRDA:16,0,1,0
BRDA:16,1,0,2
BRDA:16,1,1,2
BRF:4
BRH:3
end_of_record
TN:
SF:src\user\user.service.ts
FN:8,(anonymous_2)
FN:13,(anonymous_3)
FN:19,(anonymous_4)
FN:25,(anonymous_5)
FN:32,(anonymous_6)
FN:38,(anonymous_7)
FN:49,(anonymous_8)
FN:55,(anonymous_9)
FN:61,(anonymous_10)
FNF:9
FNH:6
FNDA:8,(anonymous_2)
FNDA:1,(anonymous_3)
FNDA:2,(anonymous_4)
FNDA:2,(anonymous_5)
FNDA:0,(anonymous_6)
FNDA:2,(anonymous_7)
FNDA:0,(anonymous_8)
FNDA:1,(anonymous_9)
FNDA:0,(anonymous_10)
DA:1,1
DA:2,1
DA:3,1
DA:4,1
DA:7,1
DA:9,8
DA:10,8
DA:14,1
DA:15,1
DA:16,1
DA:20,2
DA:21,2
DA:22,1
DA:26,2
DA:27,2
DA:28,2
DA:29,1
DA:33,0
DA:34,0
DA:35,0
DA:39,2
DA:40,2
DA:42,2
DA:43,1
DA:44,1
DA:46,1
DA:50,0
DA:51,0
DA:52,0
DA:56,1
DA:57,1
DA:60,1
DA:61,1
DA:64,1
DA:65,1
LF:35
LH:29
BRDA:21,0,0,1
BRDA:21,0,1,1
BRDA:27,1,0,0
BRDA:27,1,1,2
BRDA:28,2,0,1
BRDA:28,2,1,1
BRDA:34,3,0,0
BRDA:34,3,1,0
BRDA:40,4,0,0
BRDA:40,4,1,2
BRDA:42,5,0,1
BRDA:42,5,1,1
BRDA:42,6,0,2
BRDA:42,6,1,1
BRDA:44,7,0,1
BRDA:44,7,1,0
BRDA:51,8,0,0
BRDA:51,8,1,0
BRDA:57,9,0,0
BRDA:57,9,1,1
BRDA:60,10,0,1
BRDA:60,10,1,0
BRDA:9,11,0,1
BRDA:9,11,1,0
BRDA:9,12,0,1
BRDA:9,12,1,1
BRDA:9,13,0,1
BRDA:9,13,1,0
BRDA:9,14,0,1
BRDA:9,14,1,1
BRF:30
BRH:19
end_of_record
TN:
SF:src\utils\pagination.ts
FN:7,parsePagination
FN:15,paginatedResponse
FNF:2
FNH:2
FNDA:4,parsePagination
FNDA:4,paginatedResponse
DA:7,2
DA:8,4
DA:9,4
DA:10,4
DA:12,4
DA:15,2
DA:16,4
LF:7
LH:7
BRDA:8,0,0,4
BRDA:8,0,1,0
BRDA:9,1,0,4
BRDA:9,1,1,0
BRF:4
BRH:2
end_of_record
TN:
SF:src\wishlist\wishlist.repository.ts
FN:6,(anonymous_2)
FN:8,(anonymous_3)
FN:23,(anonymous_4)
FN:27,(anonymous_5)
FN:41,(anonymous_6)
FNF:5
FNH:0
FNDA:0,(anonymous_2)
FNDA:0,(anonymous_3)
FNDA:0,(anonymous_4)
FNDA:0,(anonymous_5)
FNDA:0,(anonymous_6)
DA:1,1
DA:2,1
DA:5,1
DA:6,0
DA:9,0
DA:24,0
DA:28,0
DA:42,0
LF:8
LH:3
BRDA:6,0,0,1
BRDA:6,0,1,0
BRDA:6,1,0,1
BRDA:6,1,1,1
BRF:4
BRH:3
end_of_record
TN:
SF:src\wishlist\wishlist.service.ts
FN:6,(anonymous_2)
FN:8,(anonymous_3)
FN:12,(anonymous_4)
FN:19,(anonymous_5)
FNF:4
FNH:4
FNDA:6,(anonymous_2)
FNDA:1,(anonymous_3)
FNDA:3,(anonymous_4)
FNDA:2,(anonymous_5)
DA:1,1
DA:2,1
DA:5,1
DA:6,6
DA:9,1
DA:13,3
DA:14,2
DA:15,2
DA:16,1
DA:20,2
DA:21,2
DA:22,1
LF:12
LH:12
BRDA:13,0,0,1
BRDA:13,0,1,2
BRDA:13,1,0,3
BRDA:13,1,1,2
BRDA:15,2,0,1
BRDA:15,2,1,1
BRDA:21,3,0,1
BRDA:21,3,1,1
BRDA:6,4,0,1
BRDA:6,4,1,0
BRDA:6,5,0,1
BRDA:6,5,1,1
BRF:12
BRH:11
end_of_record
